Log started at 05/09/2024 23:29:47 (2024-05-09T14:29:47Z)
Adding event matcher: CompileEventMatcher
Adding event matcher: LinkEventMatcher
Adding event matcher: MicrosoftEventMatcher
Adding event matcher: XoreaxEventMatcher
No config file at C:\Users\Yelim\Documents\Unreal Engine\UnrealBuildTool\BuildConfiguration.xml
Configuration will be read from:
  C:\Users\Yelim\AppData\Roaming\Unreal Engine\UnrealBuildTool\BuildConfiguration.xml
Log file: C:\Users\Yelim\Documents\GitHub\Study_Unreal\ArenaBattle5\Saved\Logs\UnrealVersionSelector-2024.05.09-23.29.46.log

    Registering build platform: UnrealBuildTool.AndroidPlatformFactory
    Registering build platform: UnrealBuildTool.IOSPlatformFactory
    Registering build platform: UnrealBuildTool.LinuxPlatformFactory
    Registering build platform: UnrealBuildTool.MacPlatformFactory
    Registering build platform: UnrealBuildTool.TVOSPlatformFactory
    Registering build platform: UnrealBuildTool.WindowsPlatformFactory
Found Windows 10 SDK root at C:\Program Files (x86)\Windows Kits\10 (1)
Found Windows 10 SDK root at C:\Program Files (x86)\Windows Kits\10 (2)
Found Windows 10 SDK version 10.0.18362.0 at C:\Program Files (x86)\Windows Kits\10
Found Universal CRT version 10.0.18362.0 at C:\Program Files (x86)\Windows Kits\10
Found Windows 10 SDK version 10.0.19041.0 at C:\Program Files (x86)\Windows Kits\10
Found Universal CRT version 10.0.19041.0 at C:\Program Files (x86)\Windows Kits\10
Found Windows 10 SDK version 10.0.20348.0 at C:\Program Files (x86)\Windows Kits\10
Found Universal CRT version 10.0.20348.0 at C:\Program Files (x86)\Windows Kits\10
Found Windows 10 SDK version 10.0.22000.0 at C:\Program Files (x86)\Windows Kits\10
Found Universal CRT version 10.0.22000.0 at C:\Program Files (x86)\Windows Kits\10
Found Windows 10 SDK version 10.0.22621.0 at C:\Program Files (x86)\Windows Kits\10
Found Universal CRT version 10.0.22621.0 at C:\Program Files (x86)\Windows Kits\10
Win64 Installed SDK(s): MinVersion_Sdk=10.0.00000.0, MaxVersion_Sdk=10.9.99999.0, CurrentVersion_Sdk=10.0.18362.0, Version_AutoSdk=10.0.18362.0, CurrentVersion_AutoSdk=
        Registering build platform: Win64 - buildable: True
    Registering build platform: UnrealBuildTool.HoloLensPlatformFactory
Log file: C:\Users\Yelim\AppData\Local\UnrealBuildTool\Log_GPF.txt
Deleting old log file: C:\Users\Yelim\AppData\Local\UnrealBuildTool\Log_GPF-backup-2024.04.04-11.18.53.txt
Resolved project argument C:/Users/Yelim/Documents/GitHub/Study_Unreal/ArenaBattle5/ArenaBattle5.uproject to C:\Users\Yelim\Documents\GitHub\Study_Unreal\ArenaBattle5\ArenaBattle5.uproject
Registering project generator UnrealBuildTool.AndroidProjectGenerator for Android
Skipping project file generator registration for Android due to no valid BuildPlatform.
Registering project generator UnrealBuildTool.IOSProjectGenerator for IOS
Skipping project file generator registration for IOS due to no valid BuildPlatform.
Registering project generator UnrealBuildTool.LinuxProjectGenerator for Linux
Skipping project file generator registration for Linux due to no valid BuildPlatform.
Registering project generator UnrealBuildTool.LinuxProjectGenerator for LinuxArm64
Skipping project file generator registration for LinuxArm64 due to no valid BuildPlatform.
Registering project generator UnrealBuildTool.MacProjectGenerator for Mac
Skipping project file generator registration for Mac due to no valid BuildPlatform.
Registering project generator UnrealBuildTool.TVOSProjectGenerator for TVOS
Skipping project file generator registration for TVOS due to no valid BuildPlatform.
Registering project generator UnrealBuildTool.WindowsProjectGenerator for Win64
Registering project generator UnrealBuildTool.HoloLensProjectGenerator for HoloLens
Skipping project file generator registration for HoloLens due to no valid BuildPlatform.

---   SDK INFO START   ---
---   SDK INFO END   ---

Discovering modules, targets and source code for project...
Found Visual Studio installation: C:\Program Files\Microsoft Visual Studio\2022\Community (Product=Microsoft.VisualStudio.Product.Community, Version=17.9.34728.123)
Found Visual Studio toolchain: C:\Program Files\Microsoft Visual Studio\2022\Community\VC\Tools\MSVC\14.38.33130 (Family=14.38.33130, FamilyRank=2, Version=14.38.33135, Is64Bit=True, Preview=False, Architecture=x64, Error=False, Redist=C:\Program Files\Microsoft Visual Studio\2022\Community\VC\Redist\MSVC\14.38.33135)
Found Visual Studio toolchain: C:\Program Files\Microsoft Visual Studio\2022\Community\VC\Tools\MSVC\14.39.33519 (Family=14.39.33519, FamilyRank=2, Version=14.39.33523, Is64Bit=True, Preview=False, Architecture=x64, Error=False, Redist=C:\Program Files\Microsoft Visual Studio\2022\Community\VC\Redist\MSVC\14.38.33135)
Detected supported platforms: Win64
Skipping C:\Program Files\Epic Games\UE_5.1\Engine\Intermediate\Build\BuildRules\UE5Rules.dll: File is installed
Skipping C:\Program Files\Epic Games\UE_5.1\Engine\Intermediate\Build\BuildRules\UE5ProgramRules.dll: File is installed
Generating target Editor for C:\Users\Yelim\Documents\GitHub\Study_Unreal\ArenaBattle5\Intermediate\ProjectFiles\UE5.vcxproj
Generating target Game for C:\Users\Yelim\Documents\GitHub\Study_Unreal\ArenaBattle5\Intermediate\ProjectFiles\UE5.vcxproj
Creating project rules assembly for C:\Users\Yelim\Documents\GitHub\Study_Unreal\ArenaBattle5\ArenaBattle5.uproject...
 Found 0 Plugins:
 Found 1 Modules:
  C:\Users\Yelim\Documents\GitHub\Study_Unreal\ArenaBattle5\Source\ArenaBattle5\ArenaBattle5.Build.cs
Compiling C:\Users\Yelim\Documents\GitHub\Study_Unreal\ArenaBattle5\Intermediate\Build\BuildRules\ArenaBattle5ModuleRules.dll: Engine Version changed from 5.4.1 to 5.1.1
C:\Users\Yelim\Documents\GitHub\Study_Unreal\ArenaBattle5\Source\ArenaBattle5Editor.Target.cs(11,47): error CS0117: 'BuildSettingsVersion' does not contain a definition for 'V4'
C:\Users\Yelim\Documents\GitHub\Study_Unreal\ArenaBattle5\Source\ArenaBattle5Editor.Target.cs(12,51): error CS0117: 'EngineIncludeOrderVersion' does not contain a definition for 'Unreal5_4'
C:\Users\Yelim\Documents\GitHub\Study_Unreal\ArenaBattle5\Source\ArenaBattle5.Target.cs(11,47): error CS0117: 'BuildSettingsVersion' does not contain a definition for 'V4'
C:\Users\Yelim\Documents\GitHub\Study_Unreal\ArenaBattle5\Source\ArenaBattle5.Target.cs(12,51): error CS0117: 'EngineIncludeOrderVersion' does not contain a definition for 'Unreal5_4'
Expecting to find a type to be declared in a target rules named 'ArenaBattle5Target'.  This type must derive from the 'TargetRules' type defined by Unreal Build Tool.
BuildException: Expecting to find a type to be declared in a target rules named 'ArenaBattle5Target'.  This type must derive from the 'TargetRules' type defined by Unreal Build Tool.
   at UnrealBuildTool.RulesAssembly.CreateTargetRules(String TargetName, UnrealTargetPlatform Platform, UnrealTargetConfiguration Configuration, String Architecture, FileReference ProjectFile, CommandLineArguments Arguments, ILogger Logger, Boolean IsTestTarget) in D:\build\++UE5\Sync\Engine\Saved\CsTools\Engine\Source\Programs\UnrealBuildTool\System\RulesAssembly.cs:line 738
   at UnrealBuildTool.ProjectFileGenerator.AddProjectsForAllTargets(PlatformProjectGeneratorCollection PlatformProjectGenerators, List`1 AllGames, List`1 AllTargetFiles, String[] Arguments, ProjectFile& EngineProject, List`1 GameProjects, Dictionary`2 ProgramProjects, Dictionary`2 RulesAssemblies, ILogger Logger) in D:\build\++UE5\Sync\Engine\Saved\CsTools\Engine\Source\Programs\UnrealBuildTool\ProjectFiles\ProjectFileGenerator.cs:line 2406
   at UnrealBuildTool.ProjectFileGenerator.GenerateProjectFiles(PlatformProjectGeneratorCollection PlatformProjectGenerators, String[] Arguments, ILogger Logger) in D:\build\++UE5\Sync\Engine\Saved\CsTools\Engine\Source\Programs\UnrealBuildTool\ProjectFiles\ProjectFileGenerator.cs:line 898
   at UnrealBuildTool.GenerateProjectFilesMode.Execute(CommandLineArguments Arguments, ILogger Logger) in D:\build\++UE5\Sync\Engine\Saved\CsTools\Engine\Source\Programs\UnrealBuildTool\Modes\GenerateProjectFilesMode.cs:line 233
   at UnrealBuildTool.UnrealBuildTool.Main(String[] ArgumentsArray) in D:\build\++UE5\Sync\Engine\Saved\CsTools\Engine\Source\Programs\UnrealBuildTool\UnrealBuildTool.cs:line 648
WriteFileIfChanged() wrote 0 changed files of 0 requested writes.
Timeline:

[ 0.000]
[ 0.000](+1.933) <unknown>
[ 1.933]
